2019-04-23T02:55:26+00:00 CRITICAL Uncaught Error: Call to a member function get_cart() on null in /opt/lampp/htdocs/web_sportco_publish/public/wordpress/wp-content/plugins/cart-rest-api-for-woocommerce/includes/api/class-wc-rest-cart-controller.php:159
Stack trace:
#0 /opt/lampp/htdocs/web_sportco_publish/public/wordpress/wp-includes/rest-api/class-wp-rest-server.php(946): WC_REST_Cart_Controller->get_cart(Object(WP_REST_Request))
#1 /opt/lampp/htdocs/web_sportco_publish/public/wordpress/wp-includes/rest-api/class-wp-rest-server.php(329): WP_REST_Server->dispatch(Object(WP_REST_Request))
#2 /opt/lampp/htdocs/web_sportco_publish/public/wordpress/wp-includes/rest-api.php(309): WP_REST_Server->serve_request('/wc/v2/cart')
#3 /opt/lampp/htdocs/web_sportco_publish/public/wordpress/wp-includes/class-wp-hook.php(286): rest_api_loaded(Object(WP))
#4 /opt/lampp/htdocs/web_sportco_publish/public/wordpress/wp-includes/class-wp-hook.php(310): WP_Hook->apply_filters(NULL, Array)
#5 /opt/lampp/htdocs/web_sportco_publish/public/wordpress/wp-includes/plugin. in /opt/lampp/htdocs/web_sportco_publish/public/wordpress/wp-content/plugins/cart-rest-api-for-woocommerce/includes/api/class-wc-rest-cart-controller.php on line 159

2019-04-23T02:56:32+00:00 CRITICAL Uncaught Error: Call to a member function get_cart() on null in /opt/lampp/htdocs/web_sportco_publish/public/wordpress/wp-content/plugins/cart-rest-api-for-woocommerce/includes/api/class-wc-rest-cart-controller.php:159
Stack trace:
#0 /opt/lampp/htdocs/web_sportco_publish/public/wordpress/wp-includes/rest-api/class-wp-rest-server.php(946): WC_REST_Cart_Controller->get_cart(Object(WP_REST_Request))
#1 /opt/lampp/htdocs/web_sportco_publish/public/wordpress/wp-includes/rest-api/class-wp-rest-server.php(329): WP_REST_Server->dispatch(Object(WP_REST_Request))
#2 /opt/lampp/htdocs/web_sportco_publish/public/wordpress/wp-includes/rest-api.php(309): WP_REST_Server->serve_request('/wc/v2/cart')
#3 /opt/lampp/htdocs/web_sportco_publish/public/wordpress/wp-includes/class-wp-hook.php(286): rest_api_loaded(Object(WP))
#4 /opt/lampp/htdocs/web_sportco_publish/public/wordpress/wp-includes/class-wp-hook.php(310): WP_Hook->apply_filters(NULL, Array)
#5 /opt/lampp/htdocs/web_sportco_publish/public/wordpress/wp-includes/plugin. in /opt/lampp/htdocs/web_sportco_publish/public/wordpress/wp-content/plugins/cart-rest-api-for-woocommerce/includes/api/class-wc-rest-cart-controller.php on line 159

2019-04-23T03:01:04+00:00 CRITICAL Uncaught Error: Call to a member function get_cart() on null in /opt/lampp/htdocs/web_sportco_publish/public/wordpress/wp-content/plugins/cart-rest-api-for-woocommerce/includes/api/class-wc-rest-cart-controller.php:159
Stack trace:
#0 /opt/lampp/htdocs/web_sportco_publish/public/wordpress/wp-includes/rest-api/class-wp-rest-server.php(946): WC_REST_Cart_Controller->get_cart(Object(WP_REST_Request))
#1 /opt/lampp/htdocs/web_sportco_publish/public/wordpress/wp-includes/rest-api/class-wp-rest-server.php(329): WP_REST_Server->dispatch(Object(WP_REST_Request))
#2 /opt/lampp/htdocs/web_sportco_publish/public/wordpress/wp-includes/rest-api.php(309): WP_REST_Server->serve_request('/wc/v2/cart')
#3 /opt/lampp/htdocs/web_sportco_publish/public/wordpress/wp-includes/class-wp-hook.php(286): rest_api_loaded(Object(WP))
#4 /opt/lampp/htdocs/web_sportco_publish/public/wordpress/wp-includes/class-wp-hook.php(310): WP_Hook->apply_filters(NULL, Array)
#5 /opt/lampp/htdocs/web_sportco_publish/public/wordpress/wp-includes/plugin. in /opt/lampp/htdocs/web_sportco_publish/public/wordpress/wp-content/plugins/cart-rest-api-for-woocommerce/includes/api/class-wc-rest-cart-controller.php on line 159

2019-04-23T03:01:30+00:00 CRITICAL Uncaught Error: Call to a member function get_totals() on null in /opt/lampp/htdocs/web_sportco_publish/public/wordpress/wp-content/plugins/cart-rest-api-for-woocommerce/includes/api/class-wc-rest-cart-controller.php:502
Stack trace:
#0 /opt/lampp/htdocs/web_sportco_publish/public/wordpress/wp-includes/rest-api/class-wp-rest-server.php(946): WC_REST_Cart_Controller->get_totals(Object(WP_REST_Request))
#1 /opt/lampp/htdocs/web_sportco_publish/public/wordpress/wp-includes/rest-api/class-wp-rest-server.php(329): WP_REST_Server->dispatch(Object(WP_REST_Request))
#2 /opt/lampp/htdocs/web_sportco_publish/public/wordpress/wp-includes/rest-api.php(309): WP_REST_Server->serve_request('/wc/v2/cart/tot...')
#3 /opt/lampp/htdocs/web_sportco_publish/public/wordpress/wp-includes/class-wp-hook.php(286): rest_api_loaded(Object(WP))
#4 /opt/lampp/htdocs/web_sportco_publish/public/wordpress/wp-includes/class-wp-hook.php(310): WP_Hook->apply_filters(NULL, Array)
#5 /opt/lampp/htdocs/web_sportco_publish/public/wordpress/wp-inclu in /opt/lampp/htdocs/web_sportco_publish/public/wordpress/wp-content/plugins/cart-rest-api-for-woocommerce/includes/api/class-wc-rest-cart-controller.php on line 502

2019-04-23T03:02:56+00:00 CRITICAL Uncaught Error: Call to a member function empty_cart() on null in /opt/lampp/htdocs/web_sportco_publish/public/wordpress/wp-content/plugins/cart-rest-api-for-woocommerce/includes/api/class-wc-rest-cart-controller.php:216
Stack trace:
#0 /opt/lampp/htdocs/web_sportco_publish/public/wordpress/wp-includes/rest-api/class-wp-rest-server.php(946): WC_REST_Cart_Controller->clear_cart(Object(WP_REST_Request))
#1 /opt/lampp/htdocs/web_sportco_publish/public/wordpress/wp-includes/rest-api/class-wp-rest-server.php(329): WP_REST_Server->dispatch(Object(WP_REST_Request))
#2 /opt/lampp/htdocs/web_sportco_publish/public/wordpress/wp-includes/rest-api.php(309): WP_REST_Server->serve_request('/wc/v2/cart/cle...')
#3 /opt/lampp/htdocs/web_sportco_publish/public/wordpress/wp-includes/class-wp-hook.php(286): rest_api_loaded(Object(WP))
#4 /opt/lampp/htdocs/web_sportco_publish/public/wordpress/wp-includes/class-wp-hook.php(310): WP_Hook->apply_filters(NULL, Array)
#5 /opt/lampp/htdocs/web_sportco_publish/public/wordpress/wp-inclu in /opt/lampp/htdocs/web_sportco_publish/public/wordpress/wp-content/plugins/cart-rest-api-for-woocommerce/includes/api/class-wc-rest-cart-controller.php on line 216

2019-04-23T03:05:02+00:00 CRITICAL Uncaught Error: Call to a member function get_cart_item_quantities() on null in /opt/lampp/htdocs/web_sportco_publish/public/wordpress/wp-content/plugins/cart-rest-api-for-woocommerce/includes/api/class-wc-rest-cart-controller.php:350
Stack trace:
#0 /opt/lampp/htdocs/web_sportco_publish/public/wordpress/wp-includes/rest-api/class-wp-rest-server.php(946): WC_REST_Cart_Controller->add_to_cart(Object(WP_REST_Request))
#1 /opt/lampp/htdocs/web_sportco_publish/public/wordpress/wp-includes/rest-api/class-wp-rest-server.php(329): WP_REST_Server->dispatch(Object(WP_REST_Request))
#2 /opt/lampp/htdocs/web_sportco_publish/public/wordpress/wp-includes/rest-api.php(309): WP_REST_Server->serve_request('/wc/v2/cart/add')
#3 /opt/lampp/htdocs/web_sportco_publish/public/wordpress/wp-includes/class-wp-hook.php(286): rest_api_loaded(Object(WP))
#4 /opt/lampp/htdocs/web_sportco_publish/public/wordpress/wp-includes/class-wp-hook.php(310): WP_Hook->apply_filters(NULL, Array)
#5 /opt/lampp/htdocs/web_sportco_publish/public/wordpr in /opt/lampp/htdocs/web_sportco_publish/public/wordpress/wp-content/plugins/cart-rest-api-for-woocommerce/includes/api/class-wc-rest-cart-controller.php on line 350

2019-04-23T03:05:28+00:00 CRITICAL Uncaught Error: Call to a member function get_cart() on null in /opt/lampp/htdocs/web_sportco_publish/public/wordpress/wp-content/plugins/cart-rest-api-for-woocommerce/includes/api/class-wc-rest-cart-controller.php:159
Stack trace:
#0 /opt/lampp/htdocs/web_sportco_publish/public/wordpress/wp-includes/rest-api/class-wp-rest-server.php(946): WC_REST_Cart_Controller->get_cart(Object(WP_REST_Request))
#1 /opt/lampp/htdocs/web_sportco_publish/public/wordpress/wp-includes/rest-api/class-wp-rest-server.php(329): WP_REST_Server->dispatch(Object(WP_REST_Request))
#2 /opt/lampp/htdocs/web_sportco_publish/public/wordpress/wp-includes/rest-api.php(309): WP_REST_Server->serve_request('/wc/v2/cart')
#3 /opt/lampp/htdocs/web_sportco_publish/public/wordpress/wp-includes/class-wp-hook.php(286): rest_api_loaded(Object(WP))
#4 /opt/lampp/htdocs/web_sportco_publish/public/wordpress/wp-includes/class-wp-hook.php(310): WP_Hook->apply_filters(NULL, Array)
#5 /opt/lampp/htdocs/web_sportco_publish/public/wordpress/wp-includes/plugin. in /opt/lampp/htdocs/web_sportco_publish/public/wordpress/wp-content/plugins/cart-rest-api-for-woocommerce/includes/api/class-wc-rest-cart-controller.php on line 159

2019-04-23T03:05:44+00:00 CRITICAL Uncaught Error: Call to a member function get_cart_item_quantities() on null in /opt/lampp/htdocs/web_sportco_publish/public/wordpress/wp-content/plugins/cart-rest-api-for-woocommerce/includes/api/class-wc-rest-cart-controller.php:350
Stack trace:
#0 /opt/lampp/htdocs/web_sportco_publish/public/wordpress/wp-includes/rest-api/class-wp-rest-server.php(946): WC_REST_Cart_Controller->add_to_cart(Object(WP_REST_Request))
#1 /opt/lampp/htdocs/web_sportco_publish/public/wordpress/wp-includes/rest-api/class-wp-rest-server.php(329): WP_REST_Server->dispatch(Object(WP_REST_Request))
#2 /opt/lampp/htdocs/web_sportco_publish/public/wordpress/wp-includes/rest-api.php(309): WP_REST_Server->serve_request('/wc/v2/cart/add')
#3 /opt/lampp/htdocs/web_sportco_publish/public/wordpress/wp-includes/class-wp-hook.php(286): rest_api_loaded(Object(WP))
#4 /opt/lampp/htdocs/web_sportco_publish/public/wordpress/wp-includes/class-wp-hook.php(310): WP_Hook->apply_filters(NULL, Array)
#5 /opt/lampp/htdocs/web_sportco_publish/public/wordpr in /opt/lampp/htdocs/web_sportco_publish/public/wordpress/wp-content/plugins/cart-rest-api-for-woocommerce/includes/api/class-wc-rest-cart-controller.php on line 350

2019-04-23T03:06:24+00:00 CRITICAL Uncaught Error: Call to a member function get_cart_item_quantities() on null in /opt/lampp/htdocs/web_sportco_publish/public/wordpress/wp-content/plugins/cart-rest-api-for-woocommerce/includes/api/class-wc-rest-cart-controller.php:350
Stack trace:
#0 /opt/lampp/htdocs/web_sportco_publish/public/wordpress/wp-includes/rest-api/class-wp-rest-server.php(946): WC_REST_Cart_Controller->add_to_cart(Object(WP_REST_Request))
#1 /opt/lampp/htdocs/web_sportco_publish/public/wordpress/wp-includes/rest-api/class-wp-rest-server.php(329): WP_REST_Server->dispatch(Object(WP_REST_Request))
#2 /opt/lampp/htdocs/web_sportco_publish/public/wordpress/wp-includes/rest-api.php(309): WP_REST_Server->serve_request('/wc/v2/cart/add')
#3 /opt/lampp/htdocs/web_sportco_publish/public/wordpress/wp-includes/class-wp-hook.php(286): rest_api_loaded(Object(WP))
#4 /opt/lampp/htdocs/web_sportco_publish/public/wordpress/wp-includes/class-wp-hook.php(310): WP_Hook->apply_filters(NULL, Array)
#5 /opt/lampp/htdocs/web_sportco_publish/public/wordpr in /opt/lampp/htdocs/web_sportco_publish/public/wordpress/wp-content/plugins/cart-rest-api-for-woocommerce/includes/api/class-wc-rest-cart-controller.php on line 350

2019-04-23T03:06:33+00:00 CRITICAL Uncaught Error: Call to a member function get_cart_item_quantities() on null in /opt/lampp/htdocs/web_sportco_publish/public/wordpress/wp-content/plugins/cart-rest-api-for-woocommerce/includes/api/class-wc-rest-cart-controller.php:350
Stack trace:
#0 /opt/lampp/htdocs/web_sportco_publish/public/wordpress/wp-includes/rest-api/class-wp-rest-server.php(946): WC_REST_Cart_Controller->add_to_cart(Object(WP_REST_Request))
#1 /opt/lampp/htdocs/web_sportco_publish/public/wordpress/wp-includes/rest-api/class-wp-rest-server.php(329): WP_REST_Server->dispatch(Object(WP_REST_Request))
#2 /opt/lampp/htdocs/web_sportco_publish/public/wordpress/wp-includes/rest-api.php(309): WP_REST_Server->serve_request('/wc/v2/cart/add')
#3 /opt/lampp/htdocs/web_sportco_publish/public/wordpress/wp-includes/class-wp-hook.php(286): rest_api_loaded(Object(WP))
#4 /opt/lampp/htdocs/web_sportco_publish/public/wordpress/wp-includes/class-wp-hook.php(310): WP_Hook->apply_filters(NULL, Array)
#5 /opt/lampp/htdocs/web_sportco_publish/public/wordpr in /opt/lampp/htdocs/web_sportco_publish/public/wordpress/wp-content/plugins/cart-rest-api-for-woocommerce/includes/api/class-wc-rest-cart-controller.php on line 350

2019-04-23T03:08:26+00:00 CRITICAL Uncaught Error: Call to a member function get_cart() on null in /opt/lampp/htdocs/web_sportco_publish/public/wordpress/wp-content/plugins/cart-rest-api-for-woocommerce/includes/api/class-wc-rest-cart-controller.php:159
Stack trace:
#0 /opt/lampp/htdocs/web_sportco_publish/public/wordpress/wp-includes/rest-api/class-wp-rest-server.php(946): WC_REST_Cart_Controller->get_cart(Object(WP_REST_Request))
#1 /opt/lampp/htdocs/web_sportco_publish/public/wordpress/wp-includes/rest-api/class-wp-rest-server.php(329): WP_REST_Server->dispatch(Object(WP_REST_Request))
#2 /opt/lampp/htdocs/web_sportco_publish/public/wordpress/wp-includes/rest-api.php(309): WP_REST_Server->serve_request('/wc/v2/cart')
#3 /opt/lampp/htdocs/web_sportco_publish/public/wordpress/wp-includes/class-wp-hook.php(286): rest_api_loaded(Object(WP))
#4 /opt/lampp/htdocs/web_sportco_publish/public/wordpress/wp-includes/class-wp-hook.php(310): WP_Hook->apply_filters(NULL, Array)
#5 /opt/lampp/htdocs/web_sportco_publish/public/wordpress/wp-includes/plugin. in /opt/lampp/htdocs/web_sportco_publish/public/wordpress/wp-content/plugins/cart-rest-api-for-woocommerce/includes/api/class-wc-rest-cart-controller.php on line 159

2019-04-23T03:14:08+00:00 CRITICAL Uncaught Error: Call to a member function get_cart_item_quantities() on null in /opt/lampp/htdocs/web_sportco_publish/public/wordpress/wp-content/plugins/cart-rest-api-for-woocommerce/includes/api/class-wc-rest-cart-controller.php:350
Stack trace:
#0 /opt/lampp/htdocs/web_sportco_publish/public/wordpress/wp-includes/rest-api/class-wp-rest-server.php(946): WC_REST_Cart_Controller->add_to_cart(Object(WP_REST_Request))
#1 /opt/lampp/htdocs/web_sportco_publish/public/wordpress/wp-includes/rest-api/class-wp-rest-server.php(329): WP_REST_Server->dispatch(Object(WP_REST_Request))
#2 /opt/lampp/htdocs/web_sportco_publish/public/wordpress/wp-includes/rest-api.php(309): WP_REST_Server->serve_request('/wc/v2/cart/add')
#3 /opt/lampp/htdocs/web_sportco_publish/public/wordpress/wp-includes/class-wp-hook.php(286): rest_api_loaded(Object(WP))
#4 /opt/lampp/htdocs/web_sportco_publish/public/wordpress/wp-includes/class-wp-hook.php(310): WP_Hook->apply_filters(NULL, Array)
#5 /opt/lampp/htdocs/web_sportco_publish/public/wordpr in /opt/lampp/htdocs/web_sportco_publish/public/wordpress/wp-content/plugins/cart-rest-api-for-woocommerce/includes/api/class-wc-rest-cart-controller.php on line 350

2019-04-23T03:15:13+00:00 CRITICAL Uncaught Error: Call to a member function get_cart_item_quantities() on null in /opt/lampp/htdocs/web_sportco_publish/public/wordpress/wp-content/plugins/cart-rest-api-for-woocommerce/includes/api/class-wc-rest-cart-controller.php:350
Stack trace:
#0 /opt/lampp/htdocs/web_sportco_publish/public/wordpress/wp-includes/rest-api/class-wp-rest-server.php(946): WC_REST_Cart_Controller->add_to_cart(Object(WP_REST_Request))
#1 /opt/lampp/htdocs/web_sportco_publish/public/wordpress/wp-includes/rest-api/class-wp-rest-server.php(329): WP_REST_Server->dispatch(Object(WP_REST_Request))
#2 /opt/lampp/htdocs/web_sportco_publish/public/wordpress/wp-includes/rest-api.php(309): WP_REST_Server->serve_request('/wc/v2/cart/add')
#3 /opt/lampp/htdocs/web_sportco_publish/public/wordpress/wp-includes/class-wp-hook.php(286): rest_api_loaded(Object(WP))
#4 /opt/lampp/htdocs/web_sportco_publish/public/wordpress/wp-includes/class-wp-hook.php(310): WP_Hook->apply_filters(NULL, Array)
#5 /opt/lampp/htdocs/web_sportco_publish/public/wordpr in /opt/lampp/htdocs/web_sportco_publish/public/wordpress/wp-content/plugins/cart-rest-api-for-woocommerce/includes/api/class-wc-rest-cart-controller.php on line 350

2019-04-23T03:19:25+00:00 CRITICAL Uncaught Error: Call to a member function get_cart_item_quantities() on null in /opt/lampp/htdocs/web_sportco_publish/public/wordpress/wp-content/plugins/cart-rest-api-for-woocommerce/includes/api/class-wc-rest-cart-controller.php:350
Stack trace:
#0 /opt/lampp/htdocs/web_sportco_publish/public/wordpress/wp-includes/rest-api/class-wp-rest-server.php(946): WC_REST_Cart_Controller->add_to_cart(Object(WP_REST_Request))
#1 /opt/lampp/htdocs/web_sportco_publish/public/wordpress/wp-includes/rest-api/class-wp-rest-server.php(329): WP_REST_Server->dispatch(Object(WP_REST_Request))
#2 /opt/lampp/htdocs/web_sportco_publish/public/wordpress/wp-includes/rest-api.php(309): WP_REST_Server->serve_request('/wc/v2/cart/add')
#3 /opt/lampp/htdocs/web_sportco_publish/public/wordpress/wp-includes/class-wp-hook.php(286): rest_api_loaded(Object(WP))
#4 /opt/lampp/htdocs/web_sportco_publish/public/wordpress/wp-includes/class-wp-hook.php(310): WP_Hook->apply_filters(NULL, Array)
#5 /opt/lampp/htdocs/web_sportco_publish/public/wordpr in /opt/lampp/htdocs/web_sportco_publish/public/wordpress/wp-content/plugins/cart-rest-api-for-woocommerce/includes/api/class-wc-rest-cart-controller.php on line 350

2019-04-23T03:19:53+00:00 CRITICAL Uncaught Error: Call to a member function get_cart_item_quantities() on null in /opt/lampp/htdocs/web_sportco_publish/public/wordpress/wp-content/plugins/cart-rest-api-for-woocommerce/includes/api/class-wc-rest-cart-controller.php:350
Stack trace:
#0 /opt/lampp/htdocs/web_sportco_publish/public/wordpress/wp-includes/rest-api/class-wp-rest-server.php(946): WC_REST_Cart_Controller->add_to_cart(Object(WP_REST_Request))
#1 /opt/lampp/htdocs/web_sportco_publish/public/wordpress/wp-includes/rest-api/class-wp-rest-server.php(329): WP_REST_Server->dispatch(Object(WP_REST_Request))
#2 /opt/lampp/htdocs/web_sportco_publish/public/wordpress/wp-includes/rest-api.php(309): WP_REST_Server->serve_request('/wc/v2/cart/add')
#3 /opt/lampp/htdocs/web_sportco_publish/public/wordpress/wp-includes/class-wp-hook.php(286): rest_api_loaded(Object(WP))
#4 /opt/lampp/htdocs/web_sportco_publish/public/wordpress/wp-includes/class-wp-hook.php(310): WP_Hook->apply_filters(NULL, Array)
#5 /opt/lampp/htdocs/web_sportco_publish/public/wordpr in /opt/lampp/htdocs/web_sportco_publish/public/wordpress/wp-content/plugins/cart-rest-api-for-woocommerce/includes/api/class-wc-rest-cart-controller.php on line 350

2019-04-23T03:20:09+00:00 CRITICAL Uncaught Error: Call to a member function get_cart_item_quantities() on null in /opt/lampp/htdocs/web_sportco_publish/public/wordpress/wp-content/plugins/cart-rest-api-for-woocommerce/includes/api/class-wc-rest-cart-controller.php:350
Stack trace:
#0 /opt/lampp/htdocs/web_sportco_publish/public/wordpress/wp-includes/rest-api/class-wp-rest-server.php(946): WC_REST_Cart_Controller->add_to_cart(Object(WP_REST_Request))
#1 /opt/lampp/htdocs/web_sportco_publish/public/wordpress/wp-includes/rest-api/class-wp-rest-server.php(329): WP_REST_Server->dispatch(Object(WP_REST_Request))
#2 /opt/lampp/htdocs/web_sportco_publish/public/wordpress/wp-includes/rest-api.php(309): WP_REST_Server->serve_request('/wc/v2/cart/add')
#3 /opt/lampp/htdocs/web_sportco_publish/public/wordpress/wp-includes/class-wp-hook.php(286): rest_api_loaded(Object(WP))
#4 /opt/lampp/htdocs/web_sportco_publish/public/wordpress/wp-includes/class-wp-hook.php(310): WP_Hook->apply_filters(NULL, Array)
#5 /opt/lampp/htdocs/web_sportco_publish/public/wordpr in /opt/lampp/htdocs/web_sportco_publish/public/wordpress/wp-content/plugins/cart-rest-api-for-woocommerce/includes/api/class-wc-rest-cart-controller.php on line 350

2019-04-23T03:21:08+00:00 CRITICAL Uncaught Error: Call to a member function get_cart_item_quantities() on null in /opt/lampp/htdocs/web_sportco_publish/public/wordpress/wp-content/plugins/cart-rest-api-for-woocommerce/includes/api/class-wc-rest-cart-controller.php:350
Stack trace:
#0 /opt/lampp/htdocs/web_sportco_publish/public/wordpress/wp-includes/rest-api/class-wp-rest-server.php(946): WC_REST_Cart_Controller->add_to_cart(Object(WP_REST_Request))
#1 /opt/lampp/htdocs/web_sportco_publish/public/wordpress/wp-includes/rest-api/class-wp-rest-server.php(329): WP_REST_Server->dispatch(Object(WP_REST_Request))
#2 /opt/lampp/htdocs/web_sportco_publish/public/wordpress/wp-includes/rest-api.php(309): WP_REST_Server->serve_request('/wc/v2/cart/add')
#3 /opt/lampp/htdocs/web_sportco_publish/public/wordpress/wp-includes/class-wp-hook.php(286): rest_api_loaded(Object(WP))
#4 /opt/lampp/htdocs/web_sportco_publish/public/wordpress/wp-includes/class-wp-hook.php(310): WP_Hook->apply_filters(NULL, Array)
#5 /opt/lampp/htdocs/web_sportco_publish/public/wordpr in /opt/lampp/htdocs/web_sportco_publish/public/wordpress/wp-content/plugins/cart-rest-api-for-woocommerce/includes/api/class-wc-rest-cart-controller.php on line 350

2019-04-23T03:21:35+00:00 CRITICAL Uncaught Error: Call to a member function get_cart_item_quantities() on null in /opt/lampp/htdocs/web_sportco_publish/public/wordpress/wp-content/plugins/cart-rest-api-for-woocommerce/includes/api/class-wc-rest-cart-controller.php:350
Stack trace:
#0 /opt/lampp/htdocs/web_sportco_publish/public/wordpress/wp-includes/rest-api/class-wp-rest-server.php(946): WC_REST_Cart_Controller->add_to_cart(Object(WP_REST_Request))
#1 /opt/lampp/htdocs/web_sportco_publish/public/wordpress/wp-includes/rest-api/class-wp-rest-server.php(329): WP_REST_Server->dispatch(Object(WP_REST_Request))
#2 /opt/lampp/htdocs/web_sportco_publish/public/wordpress/wp-includes/rest-api.php(309): WP_REST_Server->serve_request('/wc/v2/cart/add')
#3 /opt/lampp/htdocs/web_sportco_publish/public/wordpress/wp-includes/class-wp-hook.php(286): rest_api_loaded(Object(WP))
#4 /opt/lampp/htdocs/web_sportco_publish/public/wordpress/wp-includes/class-wp-hook.php(310): WP_Hook->apply_filters(NULL, Array)
#5 /opt/lampp/htdocs/web_sportco_publish/public/wordpr in /opt/lampp/htdocs/web_sportco_publish/public/wordpress/wp-content/plugins/cart-rest-api-for-woocommerce/includes/api/class-wc-rest-cart-controller.php on line 350

2019-04-23T03:21:50+00:00 CRITICAL Uncaught Error: Call to a member function get_cart_item_quantities() on null in /opt/lampp/htdocs/web_sportco_publish/public/wordpress/wp-content/plugins/cart-rest-api-for-woocommerce/includes/api/class-wc-rest-cart-controller.php:350
Stack trace:
#0 /opt/lampp/htdocs/web_sportco_publish/public/wordpress/wp-includes/rest-api/class-wp-rest-server.php(946): WC_REST_Cart_Controller->add_to_cart(Object(WP_REST_Request))
#1 /opt/lampp/htdocs/web_sportco_publish/public/wordpress/wp-includes/rest-api/class-wp-rest-server.php(329): WP_REST_Server->dispatch(Object(WP_REST_Request))
#2 /opt/lampp/htdocs/web_sportco_publish/public/wordpress/wp-includes/rest-api.php(309): WP_REST_Server->serve_request('/wc/v2/cart/add')
#3 /opt/lampp/htdocs/web_sportco_publish/public/wordpress/wp-includes/class-wp-hook.php(286): rest_api_loaded(Object(WP))
#4 /opt/lampp/htdocs/web_sportco_publish/public/wordpress/wp-includes/class-wp-hook.php(310): WP_Hook->apply_filters(NULL, Array)
#5 /opt/lampp/htdocs/web_sportco_publish/public/wordpr in /opt/lampp/htdocs/web_sportco_publish/public/wordpress/wp-content/plugins/cart-rest-api-for-woocommerce/includes/api/class-wc-rest-cart-controller.php on line 350

2019-04-23T03:22:54+00:00 CRITICAL Uncaught Error: Call to a member function get_cart_item_quantities() on null in /opt/lampp/htdocs/web_sportco_publish/public/wordpress/wp-content/plugins/cart-rest-api-for-woocommerce/includes/api/class-wc-rest-cart-controller.php:350
Stack trace:
#0 /opt/lampp/htdocs/web_sportco_publish/public/wordpress/wp-includes/rest-api/class-wp-rest-server.php(946): WC_REST_Cart_Controller->add_to_cart(Object(WP_REST_Request))
#1 /opt/lampp/htdocs/web_sportco_publish/public/wordpress/wp-includes/rest-api/class-wp-rest-server.php(329): WP_REST_Server->dispatch(Object(WP_REST_Request))
#2 /opt/lampp/htdocs/web_sportco_publish/public/wordpress/wp-includes/rest-api.php(309): WP_REST_Server->serve_request('/wc/v2/cart/add')
#3 /opt/lampp/htdocs/web_sportco_publish/public/wordpress/wp-includes/class-wp-hook.php(286): rest_api_loaded(Object(WP))
#4 /opt/lampp/htdocs/web_sportco_publish/public/wordpress/wp-includes/class-wp-hook.php(310): WP_Hook->apply_filters(NULL, Array)
#5 /opt/lampp/htdocs/web_sportco_publish/public/wordpr in /opt/lampp/htdocs/web_sportco_publish/public/wordpress/wp-content/plugins/cart-rest-api-for-woocommerce/includes/api/class-wc-rest-cart-controller.php on line 350

2019-04-23T03:23:49+00:00 CRITICAL Uncaught Error: Call to a member function get_cart_item_quantities() on null in /opt/lampp/htdocs/web_sportco_publish/public/wordpress/wp-content/plugins/cart-rest-api-for-woocommerce/includes/api/class-wc-rest-cart-controller.php:350
Stack trace:
#0 /opt/lampp/htdocs/web_sportco_publish/public/wordpress/wp-includes/rest-api/class-wp-rest-server.php(946): WC_REST_Cart_Controller->add_to_cart(Object(WP_REST_Request))
#1 /opt/lampp/htdocs/web_sportco_publish/public/wordpress/wp-includes/rest-api/class-wp-rest-server.php(329): WP_REST_Server->dispatch(Object(WP_REST_Request))
#2 /opt/lampp/htdocs/web_sportco_publish/public/wordpress/wp-includes/rest-api.php(309): WP_REST_Server->serve_request('/wc/v2/cart/add')
#3 /opt/lampp/htdocs/web_sportco_publish/public/wordpress/wp-includes/class-wp-hook.php(286): rest_api_loaded(Object(WP))
#4 /opt/lampp/htdocs/web_sportco_publish/public/wordpress/wp-includes/class-wp-hook.php(310): WP_Hook->apply_filters(NULL, Array)
#5 /opt/lampp/htdocs/web_sportco_publish/public/wordpr in /opt/lampp/htdocs/web_sportco_publish/public/wordpress/wp-content/plugins/cart-rest-api-for-woocommerce/includes/api/class-wc-rest-cart-controller.php on line 350

2019-04-23T03:34:24+00:00 CRITICAL Uncaught Error: Call to a member function has_enough_stock() on bool in /opt/lampp/htdocs/web_sportco_publish/public/wordpress/wp-content/plugins/co-cart-1.1.0-rc.1/includes/api/class-wc-rest-cart-controller.php:290
Stack trace:
#0 /opt/lampp/htdocs/web_sportco_publish/public/wordpress/wp-content/plugins/co-cart-1.1.0-rc.1/includes/api/class-wc-rest-cart-controller.php(446): WC_REST_Cart_Controller->has_enough_stock(Array, 2)
#1 /opt/lampp/htdocs/web_sportco_publish/public/wordpress/wp-includes/rest-api/class-wp-rest-server.php(946): WC_REST_Cart_Controller->update_item(Object(WP_REST_Request))
#2 /opt/lampp/htdocs/web_sportco_publish/public/wordpress/wp-includes/rest-api/class-wp-rest-server.php(329): WP_REST_Server->dispatch(Object(WP_REST_Request))
#3 /opt/lampp/htdocs/web_sportco_publish/public/wordpress/wp-includes/rest-api.php(309): WP_REST_Server->serve_request('/wc/v2/cart/car...')
#4 /opt/lampp/htdocs/web_sportco_publish/public/wordpress/wp-includes/class-wp-hook.php(286): rest_api_loaded(Object(WP)) in /opt/lampp/htdocs/web_sportco_publish/public/wordpress/wp-content/plugins/co-cart-1.1.0-rc.1/includes/api/class-wc-rest-cart-controller.php on line 290

2019-04-23T03:35:10+00:00 CRITICAL Uncaught Error: Call to a member function has_enough_stock() on bool in /opt/lampp/htdocs/web_sportco_publish/public/wordpress/wp-content/plugins/co-cart-1.1.0-rc.1/includes/api/class-wc-rest-cart-controller.php:290
Stack trace:
#0 /opt/lampp/htdocs/web_sportco_publish/public/wordpress/wp-content/plugins/co-cart-1.1.0-rc.1/includes/api/class-wc-rest-cart-controller.php(446): WC_REST_Cart_Controller->has_enough_stock(Array, 2)
#1 /opt/lampp/htdocs/web_sportco_publish/public/wordpress/wp-includes/rest-api/class-wp-rest-server.php(946): WC_REST_Cart_Controller->update_item(Object(WP_REST_Request))
#2 /opt/lampp/htdocs/web_sportco_publish/public/wordpress/wp-includes/rest-api/class-wp-rest-server.php(329): WP_REST_Server->dispatch(Object(WP_REST_Request))
#3 /opt/lampp/htdocs/web_sportco_publish/public/wordpress/wp-includes/rest-api.php(309): WP_REST_Server->serve_request('/wc/v2/cart/car...')
#4 /opt/lampp/htdocs/web_sportco_publish/public/wordpress/wp-includes/class-wp-hook.php(286): rest_api_loaded(Object(WP)) in /opt/lampp/htdocs/web_sportco_publish/public/wordpress/wp-content/plugins/co-cart-1.1.0-rc.1/includes/api/class-wc-rest-cart-controller.php on line 290

